2025-06-04T22:16:34: 
2025-06-04T22:16:34: > @topnetworks/topnwetworks@1.0.0 preview
2025-06-04T22:16:34: > astro preview --port 4000
2025-06-04T22:16:34: 
2025-06-04T22:16:37: 22:16:37 [astrowind] Astrowind `./src/config.yaml` has been loaded.
2025-06-04T22:16:37: Port 4000 is in use, trying another one...
2025-06-04T22:16:37: Port 5001 is in use, trying another one...
2025-06-04T22:16:37: 
2025-06-04T22:16:37:  astro  v5.8.1 ready in 10 ms
2025-06-04T22:16:37: 
2025-06-04T22:16:37: ┃ Local    http://localhost:5002/
2025-06-04T22:16:37: ┃ Network  http://10.128.0.15:5002/
2025-06-04T22:16:37: 
2025-06-04T22:31:15: 
2025-06-04T22:31:15: > @topnetworks/topnwetworks@1.0.0 preview
2025-06-04T22:31:15: > astro preview --port 4000
2025-06-04T22:31:15: 
2025-06-04T22:31:18: 22:31:18 [astrowind] Astrowind `./src/config.yaml` has been loaded.
2025-06-04T22:31:18: Port 4000 is in use, trying another one...
2025-06-04T22:31:18: Port 5001 is in use, trying another one...
2025-06-04T22:31:18: 
2025-06-04T22:31:18:  astro  v5.8.1 ready in 15 ms
2025-06-04T22:31:18: 
2025-06-04T22:31:18: ┃ Local    http://localhost:5002/
2025-06-04T22:31:18: ┃ Network  http://10.128.0.15:5002/
2025-06-04T22:31:18: 
2025-06-04T22:36:43: 
2025-06-04T22:36:43: > @topnetworks/topnwetworks@1.0.0 preview
2025-06-04T22:36:43: > astro preview --port 4000
2025-06-04T22:36:43: 
2025-06-04T22:36:50: 
2025-06-04T22:36:50: > @topnetworks/topnwetworks@1.0.0 preview
2025-06-04T22:36:50: > astro preview --port 4000
2025-06-04T22:36:50: 
2025-06-04T22:36:55: 
2025-06-04T22:36:55: > @topnetworks/topnwetworks@1.0.0 preview
2025-06-04T22:36:55: > astro preview --port 4000
2025-06-04T22:36:55: 
2025-06-04T22:37:01: 
2025-06-04T22:37:01: > @topnetworks/topnwetworks@1.0.0 preview
2025-06-04T22:37:01: > astro preview --port 4000
2025-06-04T22:37:01: 
2025-06-04T22:37:07: 
2025-06-04T22:37:07: > @topnetworks/topnwetworks@1.0.0 preview
2025-06-04T22:37:07: > astro preview --port 4000
2025-06-04T22:37:07: 
2025-06-04T22:37:14: 
2025-06-04T22:37:14: > @topnetworks/topnwetworks@1.0.0 preview
2025-06-04T22:37:14: > astro preview --port 4000
2025-06-04T22:37:14: 
2025-06-04T22:37:20: 
2025-06-04T22:37:20: > @topnetworks/topnwetworks@1.0.0 preview
2025-06-04T22:37:20: > astro preview --port 4000
2025-06-04T22:37:20: 
2025-06-04T22:37:27: 
2025-06-04T22:37:27: > @topnetworks/topnwetworks@1.0.0 preview
2025-06-04T22:37:27: > astro preview --port 4000
2025-06-04T22:37:27: 
2025-06-04T22:37:33: 
2025-06-04T22:37:33: > @topnetworks/topnwetworks@1.0.0 preview
2025-06-04T22:37:33: > astro preview --port 4000
2025-06-04T22:37:33: 
2025-06-04T22:37:39: 
2025-06-04T22:37:39: > @topnetworks/topnwetworks@1.0.0 preview
2025-06-04T22:37:39: > astro preview --port 4000
2025-06-04T22:37:39: 
2025-06-04T22:37:45: 
2025-06-04T22:37:45: > @topnetworks/topnwetworks@1.0.0 preview
2025-06-04T22:37:45: > astro preview --port 4000
2025-06-04T22:37:45: 
2025-06-04T22:37:51: 
2025-06-04T22:37:51: > @topnetworks/topnwetworks@1.0.0 preview
2025-06-04T22:37:51: > astro preview --port 4000
2025-06-04T22:37:51: 
2025-06-04T22:37:58: 
2025-06-04T22:37:58: > @topnetworks/topnwetworks@1.0.0 preview
2025-06-04T22:37:58: > astro preview --port 4000
2025-06-04T22:37:58: 
2025-06-04T22:38:04: 
2025-06-04T22:38:04: > @topnetworks/topnwetworks@1.0.0 preview
2025-06-04T22:38:04: > astro preview --port 4000
2025-06-04T22:38:04: 
2025-06-04T22:38:10: 
2025-06-04T22:38:10: > @topnetworks/topnwetworks@1.0.0 preview
2025-06-04T22:38:10: > astro preview --port 4000
2025-06-04T22:38:10: 
2025-06-04T22:38:17: 
2025-06-04T22:38:17: > @topnetworks/topnwetworks@1.0.0 preview
2025-06-04T22:38:17: > astro preview --port 4000
2025-06-04T22:38:17: 
2025-06-04T22:38:23: 
2025-06-04T22:38:23: > @topnetworks/topnwetworks@1.0.0 preview
2025-06-04T22:38:23: > astro preview --port 4000
2025-06-04T22:38:23: 
2025-06-04T22:38:29: 
2025-06-04T22:38:29: > @topnetworks/topnwetworks@1.0.0 preview
2025-06-04T22:38:29: > astro preview --port 4000
2025-06-04T22:38:29: 
2025-06-04T22:38:34: 22:38:34 [astrowind] Astrowind `./src/config.yaml` has been loaded.
2025-06-04T22:38:34: Port 4000 is in use, trying another one...
2025-06-04T22:38:34: Port 5001 is in use, trying another one...
2025-06-04T22:38:34: 
2025-06-04T22:38:34:  astro  v5.8.1 ready in 15 ms
2025-06-04T22:38:34: 
2025-06-04T22:38:34: ┃ Local    http://localhost:5002/
2025-06-04T22:38:34: ┃ Network  http://10.128.0.15:5002/
2025-06-04T22:38:34: 
2025-06-04T22:45:40: 
2025-06-04T22:45:40: > @topnetworks/topnwetworks@1.0.0 preview
2025-06-04T22:45:40: > astro preview --port 4000
2025-06-04T22:45:40: 
2025-06-04T22:45:44: 22:45:44 [astrowind] Astrowind `./src/config.yaml` has been loaded.
2025-06-04T22:45:44: Port 4000 is in use, trying another one...
2025-06-04T22:45:44: Port 5001 is in use, trying another one...
2025-06-04T22:45:44: 
2025-06-04T22:45:44:  astro  v5.8.1 ready in 11 ms
2025-06-04T22:45:44: 
2025-06-04T22:45:44: ┃ Local    http://localhost:5002/
2025-06-04T22:45:44: ┃ Network  http://10.128.0.15:5002/
2025-06-04T22:45:44: 
2025-06-04T22:46:58: 
2025-06-04T22:46:58: > @topnetworks/topnwetworks@1.0.0 preview
2025-06-04T22:46:58: > astro preview --port 4000
2025-06-04T22:46:58: 
2025-06-04T22:47:01: 22:47:01 [astrowind] Astrowind `./src/config.yaml` has been loaded.
2025-06-04T22:47:01: Port 4000 is in use, trying another one...
2025-06-04T22:47:01: Port 5001 is in use, trying another one...
2025-06-04T22:47:01: 
2025-06-04T22:47:01:  astro  v5.8.1 ready in 10 ms
2025-06-04T22:47:01: 
2025-06-04T22:47:01: ┃ Local    http://localhost:5002/
2025-06-04T22:47:01: ┃ Network  http://10.128.0.15:5002/
2025-06-04T22:47:01: 
2025-06-04T22:52:55: 
2025-06-04T22:52:55: > @topnetworks/topnwetworks@1.0.0 preview
2025-06-04T22:52:55: > astro preview --port 4000
2025-06-04T22:52:55: 
2025-06-04T22:52:58: 22:52:58 [astrowind] Astrowind `./src/config.yaml` has been loaded.
2025-06-04T22:52:58: Port 4000 is in use, trying another one...
2025-06-04T22:52:58: Port 5001 is in use, trying another one...
2025-06-04T22:52:58: 
2025-06-04T22:52:58:  astro  v5.8.1 ready in 11 ms
2025-06-04T22:52:58: 
2025-06-04T22:52:58: ┃ Local    http://localhost:5002/
2025-06-04T22:52:58: ┃ Network  http://10.128.0.15:5002/
2025-06-04T22:52:58: 
